<?xml version="1.0" encoding="UTF-8"?>
<robot generator="Robot 3.0 (Jython 2.7.0 on java1.8.0_112)" generated="20170130 22:42:20.880">
<suite source="C:\Users\Steven\Desktop\TicTacToeGUI\TicTacToeGUI\tic-tac-toe\src\test\acceptancetest" name="Acceptancetest" id="s1">
<suite source="C:\Users\Steven\Desktop\TicTacToeGUI\TicTacToeGUI\tic-tac-toe\src\test\acceptancetest\TicTacToeGUITests.txt" name="TicTacToeGUITests" id="s1-s1">
<test name="Win Diagonally as X" id="s1-s1-t1">
<kw name="Start New Game">
<kw library="SwingLibrary" name="Start Application">
<doc>Alias for `Launch Application` keyword</doc>
<arguments>
<arg>edu.jsu.mcis.TicTacToeGame</arg>
</arguments>
<status endtime="20170130 22:42:21.785" starttime="20170130 22:42:21.763" status="PASS"></status>
</kw>
<kw library="SwingLibrary" name="Select Window">
<doc>Selects a window as current context and sets focus to it.</doc>
<arguments>
<arg>Tic Tac Toe</arg>
</arguments>
<status endtime="20170130 22:42:21.883" starttime="20170130 22:42:21.785" status="PASS"></status>
</kw>
<status endtime="20170130 22:42:21.885" starttime="20170130 22:42:21.747" status="PASS"></status>
</kw>
<kw name="Mark Location">
<arguments>
<arg>1</arg>
<arg>1</arg>
</arguments>
<kw library="BuiltIn" name="Catenate">
<doc>Catenates the given items together and returns the resulted string.</doc>
<arguments>
<arg>SEPARATOR=</arg>
<arg>Location</arg>
<arg>${row}</arg>
<arg>${col}</arg>
</arguments>
<assign>
<var>${component}</var>
</assign>
<msg level="INFO" timestamp="20170130 22:42:21.901">${component} = Location11</msg>
<status endtime="20170130 22:42:21.916" starttime="20170130 22:42:21.885" status="PASS"></status>
</kw>
<kw library="SwingLibrary" name="Click On Component">
<doc>Clicks on a component.</doc>
<arguments>
<arg>${component}</arg>
</arguments>
<status endtime="20170130 22:42:21.963" starttime="20170130 22:42:21.916" status="PASS"></status>
</kw>
<status endtime="20170130 22:42:21.963" starttime="20170130 22:42:21.885" status="PASS"></status>
</kw>
<kw name="Check Location">
<arguments>
<arg>1</arg>
<arg>1</arg>
<arg>X</arg>
</arguments>
<kw library="BuiltIn" name="Catenate">
<doc>Catenates the given items together and returns the resulted string.</doc>
<arguments>
<arg>SEPARATOR=</arg>
<arg>Location</arg>
<arg>${row}</arg>
<arg>${col}</arg>
</arguments>
<assign>
<var>${component}</var>
</assign>
<msg level="INFO" timestamp="20170130 22:42:21.985">${component} = Location11</msg>
<status endtime="20170130 22:42:21.985" starttime="20170130 22:42:21.983" status="PASS"></status>
</kw>
<kw library="SwingLibrary" name="Get Button Text">
<doc>Uses current context to search for a button and when found, returns the text it is labeled with.</doc>
<arguments>
<arg>${component}</arg>
</arguments>
<assign>
<var>${text}</var>
</assign>
<msg level="INFO" timestamp="20170130 22:42:22.032">${text} = X</msg>
<status endtime="20170130 22:42:22.032" starttime="20170130 22:42:21.985" status="PASS"></status>
</kw>
<kw library="BuiltIn" name="Should Be Equal">
<doc>Fails if the given objects are unequal.</doc>
<arguments>
<arg>${text}</arg>
<arg>${mark}</arg>
</arguments>
<status endtime="20170130 22:42:22.048" starttime="20170130 22:42:22.032" status="PASS"></status>
</kw>
<status endtime="20170130 22:42:22.048" starttime="20170130 22:42:21.963" status="PASS"></status>
</kw>
<kw name="Mark Location">
<arguments>
<arg>0</arg>
<arg>1</arg>
</arguments>
<kw library="BuiltIn" name="Catenate">
<doc>Catenates the given items together and returns the resulted string.</doc>
<arguments>
<arg>SEPARATOR=</arg>
<arg>Location</arg>
<arg>${row}</arg>
<arg>${col}</arg>
</arguments>
<assign>
<var>${component}</var>
</assign>
<msg level="INFO" timestamp="20170130 22:42:22.063">${component} = Location01</msg>
<status endtime="20170130 22:42:22.063" starttime="20170130 22:42:22.048" status="PASS"></status>
</kw>
<kw library="SwingLibrary" name="Click On Component">
<doc>Clicks on a component.</doc>
<arguments>
<arg>${component}</arg>
</arguments>
<status endtime="20170130 22:42:22.085" starttime="20170130 22:42:22.063" status="PASS"></status>
</kw>
<status endtime="20170130 22:42:22.085" starttime="20170130 22:42:22.048" status="PASS"></status>
</kw>
<kw name="Check Location">
<arguments>
<arg>0</arg>
<arg>1</arg>
<arg>O</arg>
</arguments>
<kw library="BuiltIn" name="Catenate">
<doc>Catenates the given items together and returns the resulted string.</doc>
<arguments>
<arg>SEPARATOR=</arg>
<arg>Location</arg>
<arg>${row}</arg>
<arg>${col}</arg>
</arguments>
<assign>
<var>${component}</var>
</assign>
<msg level="INFO" timestamp="20170130 22:42:22.101">${component} = Location01</msg>
<status endtime="20170130 22:42:22.101" starttime="20170130 22:42:22.101" status="PASS"></status>
</kw>
<kw library="SwingLibrary" name="Get Button Text">
<doc>Uses current context to search for a button and when found, returns the text it is labeled with.</doc>
<arguments>
<arg>${component}</arg>
</arguments>
<assign>
<var>${text}</var>
</assign>
<msg level="INFO" timestamp="20170130 22:42:22.117">${text} = O</msg>
<status endtime="20170130 22:42:22.117" starttime="20170130 22:42:22.101" status="PASS"></status>
</kw>
<kw library="BuiltIn" name="Should Be Equal">
<doc>Fails if the given objects are unequal.</doc>
<arguments>
<arg>${text}</arg>
<arg>${mark}</arg>
</arguments>
<status endtime="20170130 22:42:22.117" starttime="20170130 22:42:22.117" status="PASS"></status>
</kw>
<status endtime="20170130 22:42:22.132" starttime="20170130 22:42:22.085" status="PASS"></status>
</kw>
<kw name="Mark Location">
<arguments>
<arg>0</arg>
<arg>0</arg>
</arguments>
<kw library="BuiltIn" name="Catenate">
<doc>Catenates the given items together and returns the resulted string.</doc>
<arguments>
<arg>SEPARATOR=</arg>
<arg>Location</arg>
<arg>${row}</arg>
<arg>${col}</arg>
</arguments>
<assign>
<var>${component}</var>
</assign>
<msg level="INFO" timestamp="20170130 22:42:22.132">${component} = Location00</msg>
<status endtime="20170130 22:42:22.148" starttime="20170130 22:42:22.132" status="PASS"></status>
</kw>
<kw library="SwingLibrary" name="Click On Component">
<doc>Clicks on a component.</doc>
<arguments>
<arg>${component}</arg>
</arguments>
<status endtime="20170130 22:42:22.164" starttime="20170130 22:42:22.148" status="PASS"></status>
</kw>
<status endtime="20170130 22:42:22.164" starttime="20170130 22:42:22.132" status="PASS"></status>
</kw>
<kw name="Check Location">
<arguments>
<arg>0</arg>
<arg>0</arg>
<arg>X</arg>
</arguments>
<kw library="BuiltIn" name="Catenate">
<doc>Catenates the given items together and returns the resulted string.</doc>
<arguments>
<arg>SEPARATOR=</arg>
<arg>Location</arg>
<arg>${row}</arg>
<arg>${col}</arg>
</arguments>
<assign>
<var>${component}</var>
</assign>
<msg level="INFO" timestamp="20170130 22:42:22.186">${component} = Location00</msg>
<status endtime="20170130 22:42:22.186" starttime="20170130 22:42:22.186" status="PASS"></status>
</kw>
<kw library="SwingLibrary" name="Get Button Text">
<doc>Uses current context to search for a button and when found, returns the text it is labeled with.</doc>
<arguments>
<arg>${component}</arg>
</arguments>
<assign>
<var>${text}</var>
</assign>
<msg level="INFO" timestamp="20170130 22:42:22.201">${text} = X</msg>
<status endtime="20170130 22:42:22.201" starttime="20170130 22:42:22.186" status="PASS"></status>
</kw>
<kw library="BuiltIn" name="Should Be Equal">
<doc>Fails if the given objects are unequal.</doc>
<arguments>
<arg>${text}</arg>
<arg>${mark}</arg>
</arguments>
<status endtime="20170130 22:42:22.217" starttime="20170130 22:42:22.201" status="PASS"></status>
</kw>
<status endtime="20170130 22:42:22.217" starttime="20170130 22:42:22.180" status="PASS"></status>
</kw>
<kw name="Mark Location">
<arguments>
<arg>0</arg>
<arg>2</arg>
</arguments>
<kw library="BuiltIn" name="Catenate">
<doc>Catenates the given items together and returns the resulted string.</doc>
<arguments>
<arg>SEPARATOR=</arg>
<arg>Location</arg>
<arg>${row}</arg>
<arg>${col}</arg>
</arguments>
<assign>
<var>${component}</var>
</assign>
<msg level="INFO" timestamp="20170130 22:42:22.233">${component} = Location02</msg>
<status endtime="20170130 22:42:22.233" starttime="20170130 22:42:22.217" status="PASS"></status>
</kw>
<kw library="SwingLibrary" name="Click On Component">
<doc>Clicks on a component.</doc>
<arguments>
<arg>${component}</arg>
</arguments>
<status endtime="20170130 22:42:22.264" starttime="20170130 22:42:22.233" status="PASS"></status>
</kw>
<status endtime="20170130 22:42:22.264" starttime="20170130 22:42:22.217" status="PASS"></status>
</kw>
<kw name="Check Location">
<arguments>
<arg>0</arg>
<arg>2</arg>
<arg>O</arg>
</arguments>
<kw library="BuiltIn" name="Catenate">
<doc>Catenates the given items together and returns the resulted string.</doc>
<arguments>
<arg>SEPARATOR=</arg>
<arg>Location</arg>
<arg>${row}</arg>
<arg>${col}</arg>
</arguments>
<assign>
<var>${component}</var>
</assign>
<msg level="INFO" timestamp="20170130 22:42:22.264">${component} = Location02</msg>
<status endtime="20170130 22:42:22.280" starttime="20170130 22:42:22.264" status="PASS"></status>
</kw>
<kw library="SwingLibrary" name="Get Button Text">
<doc>Uses current context to search for a button and when found, returns the text it is labeled with.</doc>
<arguments>
<arg>${component}</arg>
</arguments>
<assign>
<var>${text}</var>
</assign>
<msg level="INFO" timestamp="20170130 22:42:22.286">${text} = O</msg>
<status endtime="20170130 22:42:22.286" starttime="20170130 22:42:22.282" status="PASS"></status>
</kw>
<kw library="BuiltIn" name="Should Be Equal">
<doc>Fails if the given objects are unequal.</doc>
<arguments>
<arg>${text}</arg>
<arg>${mark}</arg>
</arguments>
<status endtime="20170130 22:42:22.286" starttime="20170130 22:42:22.286" status="PASS"></status>
</kw>
<status endtime="20170130 22:42:22.286" starttime="20170130 22:42:22.264" status="PASS"></status>
</kw>
<kw name="Mark Location">
<arguments>
<arg>2</arg>
<arg>2</arg>
</arguments>
<kw library="BuiltIn" name="Catenate">
<doc>Catenates the given items together and returns the resulted string.</doc>
<arguments>
<arg>SEPARATOR=</arg>
<arg>Location</arg>
<arg>${row}</arg>
<arg>${col}</arg>
</arguments>
<assign>
<var>${component}</var>
</assign>
<msg level="INFO" timestamp="20170130 22:42:22.302">${component} = Location22</msg>
<status endtime="20170130 22:42:22.302" starttime="20170130 22:42:22.302" status="PASS"></status>
</kw>
<kw library="SwingLibrary" name="Click On Component">
<doc>Clicks on a component.</doc>
<arguments>
<arg>${component}</arg>
</arguments>
<status endtime="20170130 22:42:22.364" starttime="20170130 22:42:22.302" status="PASS"></status>
</kw>
<status endtime="20170130 22:42:22.364" starttime="20170130 22:42:22.286" status="PASS"></status>
</kw>
<kw name="Check Location">
<arguments>
<arg>2</arg>
<arg>2</arg>
<arg>X</arg>
</arguments>
<kw library="BuiltIn" name="Catenate">
<doc>Catenates the given items together and returns the resulted string.</doc>
<arguments>
<arg>SEPARATOR=</arg>
<arg>Location</arg>
<arg>${row}</arg>
<arg>${col}</arg>
</arguments>
<assign>
<var>${component}</var>
</assign>
<msg level="INFO" timestamp="20170130 22:42:22.364">${component} = Location22</msg>
<status endtime="20170130 22:42:22.364" starttime="20170130 22:42:22.364" status="PASS"></status>
</kw>
<kw library="SwingLibrary" name="Get Button Text">
<doc>Uses current context to search for a button and when found, returns the text it is labeled with.</doc>
<arguments>
<arg>${component}</arg>
</arguments>
<assign>
<var>${text}</var>
</assign>
<msg level="INFO" timestamp="20170130 22:42:22.386">${text} = X</msg>
<status endtime="20170130 22:42:22.386" starttime="20170130 22:42:22.381" status="PASS"></status>
</kw>
<kw library="BuiltIn" name="Should Be Equal">
<doc>Fails if the given objects are unequal.</doc>
<arguments>
<arg>${text}</arg>
<arg>${mark}</arg>
</arguments>
<status endtime="20170130 22:42:22.386" starttime="20170130 22:42:22.386" status="PASS"></status>
</kw>
<status endtime="20170130 22:42:22.386" starttime="20170130 22:42:22.364" status="PASS"></status>
</kw>
<kw name="Winner Should Be">
<arguments>
<arg>X</arg>
</arguments>
<kw library="SwingLibrary" name="Select Dialog">
<doc>Selects a dialog as current context and sets focus to it.</doc>
<arguments>
<arg>Game Over</arg>
</arguments>
<status endtime="20170130 22:42:22.418" starttime="20170130 22:42:22.402" status="PASS"></status>
</kw>
<kw library="BuiltIn" name="Catenate">
<doc>Catenates the given items together and returns the resulted string.</doc>
<arguments>
<arg>The winner is</arg>
<arg>${winner}</arg>
</arguments>
<assign>
<var>${message}</var>
</assign>
<msg level="INFO" timestamp="20170130 22:42:22.433">${message} = The winner is X</msg>
<status endtime="20170130 22:42:22.433" starttime="20170130 22:42:22.433" status="PASS"></status>
</kw>
<kw library="SwingLibrary" name="Label Text Should Be">
<doc>Checks the equality of given text and the text displayed on a label.</doc>
<arguments>
<arg>OptionPane.label</arg>
<arg>${message}</arg>
</arguments>
<status endtime="20170130 22:42:22.464" starttime="20170130 22:42:22.433" status="PASS"></status>
</kw>
<kw library="SwingLibrary" name="Close Dialog">
<doc>Closes a dialog.</doc>
<arguments>
<arg>Game Over</arg>
</arguments>
<status endtime="20170130 22:42:22.487" starttime="20170130 22:42:22.464" status="PASS"></status>
</kw>
<kw library="SwingLibrary" name="Close Window">
<doc>Closes a window.</doc>
<arguments>
<arg>Tic Tac Toe</arg>
</arguments>
<status endtime="20170130 22:42:22.665" starttime="20170130 22:42:22.487" status="PASS"></status>
</kw>
<status endtime="20170130 22:42:22.665" starttime="20170130 22:42:22.402" status="PASS"></status>
</kw>
<status critical="yes" endtime="20170130 22:42:22.665" starttime="20170130 22:42:21.747" status="PASS"></status>
</test>
<test name="Win Horizontally as O" id="s1-s1-t2">
<kw name="Start New Game">
<kw library="SwingLibrary" name="Start Application">
<doc>Alias for `Launch Application` keyword</doc>
<arguments>
<arg>edu.jsu.mcis.TicTacToeGame</arg>
</arguments>
<status endtime="20170130 22:42:22.702" starttime="20170130 22:42:22.686" status="PASS"></status>
</kw>
<kw library="SwingLibrary" name="Select Window">
<doc>Selects a window as current context and sets focus to it.</doc>
<arguments>
<arg>Tic Tac Toe</arg>
</arguments>
<status endtime="20170130 22:42:22.718" starttime="20170130 22:42:22.702" status="PASS"></status>
</kw>
<status endtime="20170130 22:42:22.718" starttime="20170130 22:42:22.683" status="PASS"></status>
</kw>
<kw name="Mark Location">
<arguments>
<arg>1</arg>
<arg>1</arg>
</arguments>
<kw library="BuiltIn" name="Catenate">
<doc>Catenates the given items together and returns the resulted string.</doc>
<arguments>
<arg>SEPARATOR=</arg>
<arg>Location</arg>
<arg>${row}</arg>
<arg>${col}</arg>
</arguments>
<assign>
<var>${component}</var>
</assign>
<msg level="INFO" timestamp="20170130 22:42:22.718">${component} = Location11</msg>
<status endtime="20170130 22:42:22.718" starttime="20170130 22:42:22.718" status="PASS"></status>
</kw>
<kw library="SwingLibrary" name="Click On Component">
<doc>Clicks on a component.</doc>
<arguments>
<arg>${component}</arg>
</arguments>
<status endtime="20170130 22:42:22.749" starttime="20170130 22:42:22.718" status="PASS"></status>
</kw>
<status endtime="20170130 22:42:22.749" starttime="20170130 22:42:22.718" status="PASS"></status>
</kw>
<kw name="Check Location">
<arguments>
<arg>1</arg>
<arg>1</arg>
<arg>X</arg>
</arguments>
<kw library="BuiltIn" name="Catenate">
<doc>Catenates the given items together and returns the resulted string.</doc>
<arguments>
<arg>SEPARATOR=</arg>
<arg>Location</arg>
<arg>${row}</arg>
<arg>${col}</arg>
</arguments>
<assign>
<var>${component}</var>
</assign>
<msg level="INFO" timestamp="20170130 22:42:22.765">${component} = Location11</msg>
<status endtime="20170130 22:42:22.765" starttime="20170130 22:42:22.765" status="PASS"></status>
</kw>
<kw library="SwingLibrary" name="Get Button Text">
<doc>Uses current context to search for a button and when found, returns the text it is labeled with.</doc>
<arguments>
<arg>${component}</arg>
</arguments>
<assign>
<var>${text}</var>
</assign>
<msg level="INFO" timestamp="20170130 22:42:22.787">${text} = X</msg>
<status endtime="20170130 22:42:22.787" starttime="20170130 22:42:22.765" status="PASS"></status>
</kw>
<kw library="BuiltIn" name="Should Be Equal">
<doc>Fails if the given objects are unequal.</doc>
<arguments>
<arg>${text}</arg>
<arg>${mark}</arg>
</arguments>
<status endtime="20170130 22:42:22.787" starttime="20170130 22:42:22.787" status="PASS"></status>
</kw>
<status endtime="20170130 22:42:22.787" starttime="20170130 22:42:22.749" status="PASS"></status>
</kw>
<kw name="Mark Location">
<arguments>
<arg>2</arg>
<arg>0</arg>
</arguments>
<kw library="BuiltIn" name="Catenate">
<doc>Catenates the given items together and returns the resulted string.</doc>
<arguments>
<arg>SEPARATOR=</arg>
<arg>Location</arg>
<arg>${row}</arg>
<arg>${col}</arg>
</arguments>
<assign>
<var>${component}</var>
</assign>
<msg level="INFO" timestamp="20170130 22:42:22.803">${component} = Location20</msg>
<status endtime="20170130 22:42:22.803" starttime="20170130 22:42:22.787" status="PASS"></status>
</kw>
<kw library="SwingLibrary" name="Click On Component">
<doc>Clicks on a component.</doc>
<arguments>
<arg>${component}</arg>
</arguments>
<status endtime="20170130 22:42:22.818" starttime="20170130 22:42:22.803" status="PASS"></status>
</kw>
<status endtime="20170130 22:42:22.818" starttime="20170130 22:42:22.787" status="PASS"></status>
</kw>
<kw name="Check Location">
<arguments>
<arg>2</arg>
<arg>0</arg>
<arg>O</arg>
</arguments>
<kw library="BuiltIn" name="Catenate">
<doc>Catenates the given items together and returns the resulted string.</doc>
<arguments>
<arg>SEPARATOR=</arg>
<arg>Location</arg>
<arg>${row}</arg>
<arg>${col}</arg>
</arguments>
<assign>
<var>${component}</var>
</assign>
<msg level="INFO" timestamp="20170130 22:42:22.834">${component} = Location20</msg>
<status endtime="20170130 22:42:22.834" starttime="20170130 22:42:22.834" status="PASS"></status>
</kw>
<kw library="SwingLibrary" name="Get Button Text">
<doc>Uses current context to search for a button and when found, returns the text it is labeled with.</doc>
<arguments>
<arg>${component}</arg>
</arguments>
<assign>
<var>${text}</var>
</assign>
<msg level="INFO" timestamp="20170130 22:42:22.849">${text} = O</msg>
<status endtime="20170130 22:42:22.849" starttime="20170130 22:42:22.834" status="PASS"></status>
</kw>
<kw library="BuiltIn" name="Should Be Equal">
<doc>Fails if the given objects are unequal.</doc>
<arguments>
<arg>${text}</arg>
<arg>${mark}</arg>
</arguments>
<status endtime="20170130 22:42:22.849" starttime="20170130 22:42:22.849" status="PASS"></status>
</kw>
<status endtime="20170130 22:42:22.849" starttime="20170130 22:42:22.818" status="PASS"></status>
</kw>
<kw name="Mark Location">
<arguments>
<arg>0</arg>
<arg>0</arg>
</arguments>
<kw library="BuiltIn" name="Catenate">
<doc>Catenates the given items together and returns the resulted string.</doc>
<arguments>
<arg>SEPARATOR=</arg>
<arg>Location</arg>
<arg>${row}</arg>
<arg>${col}</arg>
</arguments>
<assign>
<var>${component}</var>
</assign>
<msg level="INFO" timestamp="20170130 22:42:22.865">${component} = Location00</msg>
<status endtime="20170130 22:42:22.865" starttime="20170130 22:42:22.865" status="PASS"></status>
</kw>
<kw library="SwingLibrary" name="Click On Component">
<doc>Clicks on a component.</doc>
<arguments>
<arg>${component}</arg>
</arguments>
<status endtime="20170130 22:42:22.903" starttime="20170130 22:42:22.865" status="PASS"></status>
</kw>
<status endtime="20170130 22:42:22.903" starttime="20170130 22:42:22.849" status="PASS"></status>
</kw>
<kw name="Check Location">
<arguments>
<arg>0</arg>
<arg>0</arg>
<arg>X</arg>
</arguments>
<kw library="BuiltIn" name="Catenate">
<doc>Catenates the given items together and returns the resulted string.</doc>
<arguments>
<arg>SEPARATOR=</arg>
<arg>Location</arg>
<arg>${row}</arg>
<arg>${col}</arg>
</arguments>
<assign>
<var>${component}</var>
</assign>
<msg level="INFO" timestamp="20170130 22:42:22.918">${component} = Location00</msg>
<status endtime="20170130 22:42:22.918" starttime="20170130 22:42:22.903" status="PASS"></status>
</kw>
<kw library="SwingLibrary" name="Get Button Text">
<doc>Uses current context to search for a button and when found, returns the text it is labeled with.</doc>
<arguments>
<arg>${component}</arg>
</arguments>
<assign>
<var>${text}</var>
</assign>
<msg level="INFO" timestamp="20170130 22:42:22.918">${text} = X</msg>
<status endtime="20170130 22:42:22.918" starttime="20170130 22:42:22.918" status="PASS"></status>
</kw>
<kw library="BuiltIn" name="Should Be Equal">
<doc>Fails if the given objects are unequal.</doc>
<arguments>
<arg>${text}</arg>
<arg>${mark}</arg>
</arguments>
<status endtime="20170130 22:42:22.934" starttime="20170130 22:42:22.934" status="PASS"></status>
</kw>
<status endtime="20170130 22:42:22.934" starttime="20170130 22:42:22.903" status="PASS"></status>
</kw>
<kw name="Mark Location">
<arguments>
<arg>2</arg>
<arg>2</arg>
</arguments>
<kw library="BuiltIn" name="Catenate">
<doc>Catenates the given items together and returns the resulted string.</doc>
<arguments>
<arg>SEPARATOR=</arg>
<arg>Location</arg>
<arg>${row}</arg>
<arg>${col}</arg>
</arguments>
<assign>
<var>${component}</var>
</assign>
<msg level="INFO" timestamp="20170130 22:42:22.950">${component} = Location22</msg>
<status endtime="20170130 22:42:22.950" starttime="20170130 22:42:22.934" status="PASS"></status>
</kw>
<kw library="SwingLibrary" name="Click On Component">
<doc>Clicks on a component.</doc>
<arguments>
<arg>${component}</arg>
</arguments>
<status endtime="20170130 22:42:22.965" starttime="20170130 22:42:22.950" status="PASS"></status>
</kw>
<status endtime="20170130 22:42:22.965" starttime="20170130 22:42:22.934" status="PASS"></status>
</kw>
<kw name="Check Location">
<arguments>
<arg>2</arg>
<arg>2</arg>
<arg>O</arg>
</arguments>
<kw library="BuiltIn" name="Catenate">
<doc>Catenates the given items together and returns the resulted string.</doc>
<arguments>
<arg>SEPARATOR=</arg>
<arg>Location</arg>
<arg>${row}</arg>
<arg>${col}</arg>
</arguments>
<assign>
<var>${component}</var>
</assign>
<msg level="INFO" timestamp="20170130 22:42:22.987">${component} = Location22</msg>
<status endtime="20170130 22:42:22.988" starttime="20170130 22:42:22.965" status="PASS"></status>
</kw>
<kw library="SwingLibrary" name="Get Button Text">
<doc>Uses current context to search for a button and when found, returns the text it is labeled with.</doc>
<arguments>
<arg>${component}</arg>
</arguments>
<assign>
<var>${text}</var>
</assign>
<msg level="INFO" timestamp="20170130 22:42:22.988">${text} = O</msg>
<status endtime="20170130 22:42:23.003" starttime="20170130 22:42:22.988" status="PASS"></status>
</kw>
<kw library="BuiltIn" name="Should Be Equal">
<doc>Fails if the given objects are unequal.</doc>
<arguments>
<arg>${text}</arg>
<arg>${mark}</arg>
</arguments>
<status endtime="20170130 22:42:23.003" starttime="20170130 22:42:23.003" status="PASS"></status>
</kw>
<status endtime="20170130 22:42:23.003" starttime="20170130 22:42:22.965" status="PASS"></status>
</kw>
<kw name="Mark Location">
<arguments>
<arg>0</arg>
<arg>2</arg>
</arguments>
<kw library="BuiltIn" name="Catenate">
<doc>Catenates the given items together and returns the resulted string.</doc>
<arguments>
<arg>SEPARATOR=</arg>
<arg>Location</arg>
<arg>${row}</arg>
<arg>${col}</arg>
</arguments>
<assign>
<var>${component}</var>
</assign>
<msg level="INFO" timestamp="20170130 22:42:23.019">${component} = Location02</msg>
<status endtime="20170130 22:42:23.019" starttime="20170130 22:42:23.003" status="PASS"></status>
</kw>
<kw library="SwingLibrary" name="Click On Component">
<doc>Clicks on a component.</doc>
<arguments>
<arg>${component}</arg>
</arguments>
<status endtime="20170130 22:42:23.034" starttime="20170130 22:42:23.019" status="PASS"></status>
</kw>
<status endtime="20170130 22:42:23.050" starttime="20170130 22:42:23.003" status="PASS"></status>
</kw>
<kw name="Check Location">
<arguments>
<arg>0</arg>
<arg>2</arg>
<arg>X</arg>
</arguments>
<kw library="BuiltIn" name="Catenate">
<doc>Catenates the given items together and returns the resulted string.</doc>
<arguments>
<arg>SEPARATOR=</arg>
<arg>Location</arg>
<arg>${row}</arg>
<arg>${col}</arg>
</arguments>
<assign>
<var>${component}</var>
</assign>
<msg level="INFO" timestamp="20170130 22:42:23.050">${component} = Location02</msg>
<status endtime="20170130 22:42:23.050" starttime="20170130 22:42:23.050" status="PASS"></status>
</kw>
<kw library="SwingLibrary" name="Get Button Text">
<doc>Uses current context to search for a button and when found, returns the text it is labeled with.</doc>
<arguments>
<arg>${component}</arg>
</arguments>
<assign>
<var>${text}</var>
</assign>
<msg level="INFO" timestamp="20170130 22:42:23.087">${text} = X</msg>
<status endtime="20170130 22:42:23.088" starttime="20170130 22:42:23.050" status="PASS"></status>
</kw>
<kw library="BuiltIn" name="Should Be Equal">
<doc>Fails if the given objects are unequal.</doc>
<arguments>
<arg>${text}</arg>
<arg>${mark}</arg>
</arguments>
<status endtime="20170130 22:42:23.088" starttime="20170130 22:42:23.088" status="PASS"></status>
</kw>
<status endtime="20170130 22:42:23.088" starttime="20170130 22:42:23.050" status="PASS"></status>
</kw>
<kw name="Mark Location">
<arguments>
<arg>2</arg>
<arg>1</arg>
</arguments>
<kw library="BuiltIn" name="Catenate">
<doc>Catenates the given items together and returns the resulted string.</doc>
<arguments>
<arg>SEPARATOR=</arg>
<arg>Location</arg>
<arg>${row}</arg>
<arg>${col}</arg>
</arguments>
<assign>
<var>${component}</var>
</assign>
<msg level="INFO" timestamp="20170130 22:42:23.103">${component} = Location21</msg>
<status endtime="20170130 22:42:23.103" starttime="20170130 22:42:23.088" status="PASS"></status>
</kw>
<kw library="SwingLibrary" name="Click On Component">
<doc>Clicks on a component.</doc>
<arguments>
<arg>${component}</arg>
</arguments>
<status endtime="20170130 22:42:23.150" starttime="20170130 22:42:23.103" status="PASS"></status>
</kw>
<status endtime="20170130 22:42:23.166" starttime="20170130 22:42:23.088" status="PASS"></status>
</kw>
<kw name="Check Location">
<arguments>
<arg>2</arg>
<arg>1</arg>
<arg>O</arg>
</arguments>
<kw library="BuiltIn" name="Catenate">
<doc>Catenates the given items together and returns the resulted string.</doc>
<arguments>
<arg>SEPARATOR=</arg>
<arg>Location</arg>
<arg>${row}</arg>
<arg>${col}</arg>
</arguments>
<assign>
<var>${component}</var>
</assign>
<msg level="INFO" timestamp="20170130 22:42:23.187">${component} = Location21</msg>
<status endtime="20170130 22:42:23.188" starttime="20170130 22:42:23.166" status="PASS"></status>
</kw>
<kw library="SwingLibrary" name="Get Button Text">
<doc>Uses current context to search for a button and when found, returns the text it is labeled with.</doc>
<arguments>
<arg>${component}</arg>
</arguments>
<assign>
<var>${text}</var>
</assign>
<msg level="INFO" timestamp="20170130 22:42:23.201">${text} = O</msg>
<status endtime="20170130 22:42:23.203" starttime="20170130 22:42:23.190" status="PASS"></status>
</kw>
<kw library="BuiltIn" name="Should Be Equal">
<doc>Fails if the given objects are unequal.</doc>
<arguments>
<arg>${text}</arg>
<arg>${mark}</arg>
</arguments>
<status endtime="20170130 22:42:23.209" starttime="20170130 22:42:23.205" status="PASS"></status>
</kw>
<status endtime="20170130 22:42:23.210" starttime="20170130 22:42:23.166" status="PASS"></status>
</kw>
<kw name="Winner Should Be">
<arguments>
<arg>O</arg>
</arguments>
<kw library="SwingLibrary" name="Select Dialog">
<doc>Selects a dialog as current context and sets focus to it.</doc>
<arguments>
<arg>Game Over</arg>
</arguments>
<status endtime="20170130 22:42:23.223" starttime="20170130 22:42:23.215" status="PASS"></status>
</kw>
<kw library="BuiltIn" name="Catenate">
<doc>Catenates the given items together and returns the resulted string.</doc>
<arguments>
<arg>The winner is</arg>
<arg>${winner}</arg>
</arguments>
<assign>
<var>${message}</var>
</assign>
<msg level="INFO" timestamp="20170130 22:42:23.229">${message} = The winner is O</msg>
<status endtime="20170130 22:42:23.229" starttime="20170130 22:42:23.225" status="PASS"></status>
</kw>
<kw library="SwingLibrary" name="Label Text Should Be">
<doc>Checks the equality of given text and the text displayed on a label.</doc>
<arguments>
<arg>OptionPane.label</arg>
<arg>${message}</arg>
</arguments>
<status endtime="20170130 22:42:23.240" starttime="20170130 22:42:23.231" status="PASS"></status>
</kw>
<kw library="SwingLibrary" name="Close Dialog">
<doc>Closes a dialog.</doc>
<arguments>
<arg>Game Over</arg>
</arguments>
<status endtime="20170130 22:42:23.262" starttime="20170130 22:42:23.243" status="PASS"></status>
</kw>
<kw library="SwingLibrary" name="Close Window">
<doc>Closes a window.</doc>
<arguments>
<arg>Tic Tac Toe</arg>
</arguments>
<status endtime="20170130 22:42:23.440" starttime="20170130 22:42:23.264" status="PASS"></status>
</kw>
<status endtime="20170130 22:42:23.440" starttime="20170130 22:42:23.212" status="PASS"></status>
</kw>
<status critical="yes" endtime="20170130 22:42:23.440" starttime="20170130 22:42:22.665" status="PASS"></status>
</test>
<test name="Force a Tie" id="s1-s1-t3">
<kw name="Start New Game">
<kw library="SwingLibrary" name="Start Application">
<doc>Alias for `Launch Application` keyword</doc>
<arguments>
<arg>edu.jsu.mcis.TicTacToeGame</arg>
</arguments>
<status endtime="20170130 22:42:23.540" starttime="20170130 22:42:23.494" status="PASS"></status>
</kw>
<kw library="SwingLibrary" name="Select Window">
<doc>Selects a window as current context and sets focus to it.</doc>
<arguments>
<arg>Tic Tac Toe</arg>
</arguments>
<status endtime="20170130 22:42:23.540" starttime="20170130 22:42:23.540" status="PASS"></status>
</kw>
<status endtime="20170130 22:42:23.556" starttime="20170130 22:42:23.471" status="PASS"></status>
</kw>
<kw name="Mark Location">
<arguments>
<arg>1</arg>
<arg>1</arg>
</arguments>
<kw library="BuiltIn" name="Catenate">
<doc>Catenates the given items together and returns the resulted string.</doc>
<arguments>
<arg>SEPARATOR=</arg>
<arg>Location</arg>
<arg>${row}</arg>
<arg>${col}</arg>
</arguments>
<assign>
<var>${component}</var>
</assign>
<msg level="INFO" timestamp="20170130 22:42:23.556">${component} = Location11</msg>
<status endtime="20170130 22:42:23.556" starttime="20170130 22:42:23.556" status="PASS"></status>
</kw>
<kw library="SwingLibrary" name="Click On Component">
<doc>Clicks on a component.</doc>
<arguments>
<arg>${component}</arg>
</arguments>
<status endtime="20170130 22:42:23.572" starttime="20170130 22:42:23.556" status="PASS"></status>
</kw>
<status endtime="20170130 22:42:23.572" starttime="20170130 22:42:23.556" status="PASS"></status>
</kw>
<kw name="Check Location">
<arguments>
<arg>1</arg>
<arg>1</arg>
<arg>X</arg>
</arguments>
<kw library="BuiltIn" name="Catenate">
<doc>Catenates the given items together and returns the resulted string.</doc>
<arguments>
<arg>SEPARATOR=</arg>
<arg>Location</arg>
<arg>${row}</arg>
<arg>${col}</arg>
</arguments>
<assign>
<var>${component}</var>
</assign>
<msg level="INFO" timestamp="20170130 22:42:23.593">${component} = Location11</msg>
<status endtime="20170130 22:42:23.593" starttime="20170130 22:42:23.590" status="PASS"></status>
</kw>
<kw library="SwingLibrary" name="Get Button Text">
<doc>Uses current context to search for a button and when found, returns the text it is labeled with.</doc>
<arguments>
<arg>${component}</arg>
</arguments>
<assign>
<var>${text}</var>
</assign>
<msg level="INFO" timestamp="20170130 22:42:23.593">${text} = X</msg>
<status endtime="20170130 22:42:23.593" starttime="20170130 22:42:23.593" status="PASS"></status>
</kw>
<kw library="BuiltIn" name="Should Be Equal">
<doc>Fails if the given objects are unequal.</doc>
<arguments>
<arg>${text}</arg>
<arg>${mark}</arg>
</arguments>
<status endtime="20170130 22:42:23.593" starttime="20170130 22:42:23.593" status="PASS"></status>
</kw>
<status endtime="20170130 22:42:23.609" starttime="20170130 22:42:23.572" status="PASS"></status>
</kw>
<kw name="Mark Location">
<arguments>
<arg>0</arg>
<arg>0</arg>
</arguments>
<kw library="BuiltIn" name="Catenate">
<doc>Catenates the given items together and returns the resulted string.</doc>
<arguments>
<arg>SEPARATOR=</arg>
<arg>Location</arg>
<arg>${row}</arg>
<arg>${col}</arg>
</arguments>
<assign>
<var>${component}</var>
</assign>
<msg level="INFO" timestamp="20170130 22:42:23.609">${component} = Location00</msg>
<status endtime="20170130 22:42:23.609" starttime="20170130 22:42:23.609" status="PASS"></status>
</kw>
<kw library="SwingLibrary" name="Click On Component">
<doc>Clicks on a component.</doc>
<arguments>
<arg>${component}</arg>
</arguments>
<status endtime="20170130 22:42:23.640" starttime="20170130 22:42:23.609" status="PASS"></status>
</kw>
<status endtime="20170130 22:42:23.640" starttime="20170130 22:42:23.609" status="PASS"></status>
</kw>
<kw name="Check Location">
<arguments>
<arg>0</arg>
<arg>0</arg>
<arg>O</arg>
</arguments>
<kw library="BuiltIn" name="Catenate">
<doc>Catenates the given items together and returns the resulted string.</doc>
<arguments>
<arg>SEPARATOR=</arg>
<arg>Location</arg>
<arg>${row}</arg>
<arg>${col}</arg>
</arguments>
<assign>
<var>${component}</var>
</assign>
<msg level="INFO" timestamp="20170130 22:42:23.640">${component} = Location00</msg>
<status endtime="20170130 22:42:23.640" starttime="20170130 22:42:23.640" status="PASS"></status>
</kw>
<kw library="SwingLibrary" name="Get Button Text">
<doc>Uses current context to search for a button and when found, returns the text it is labeled with.</doc>
<arguments>
<arg>${component}</arg>
</arguments>
<assign>
<var>${text}</var>
</assign>
<msg level="INFO" timestamp="20170130 22:42:23.656">${text} = O</msg>
<status endtime="20170130 22:42:23.656" starttime="20170130 22:42:23.640" status="PASS"></status>
</kw>
<kw library="BuiltIn" name="Should Be Equal">
<doc>Fails if the given objects are unequal.</doc>
<arguments>
<arg>${text}</arg>
<arg>${mark}</arg>
</arguments>
<status endtime="20170130 22:42:23.656" starttime="20170130 22:42:23.656" status="PASS"></status>
</kw>
<status endtime="20170130 22:42:23.656" starttime="20170130 22:42:23.640" status="PASS"></status>
</kw>
<kw name="Mark Location">
<arguments>
<arg>2</arg>
<arg>0</arg>
</arguments>
<kw library="BuiltIn" name="Catenate">
<doc>Catenates the given items together and returns the resulted string.</doc>
<arguments>
<arg>SEPARATOR=</arg>
<arg>Location</arg>
<arg>${row}</arg>
<arg>${col}</arg>
</arguments>
<assign>
<var>${component}</var>
</assign>
<msg level="INFO" timestamp="20170130 22:42:23.672">${component} = Location20</msg>
<status endtime="20170130 22:42:23.672" starttime="20170130 22:42:23.656" status="PASS"></status>
</kw>
<kw library="SwingLibrary" name="Click On Component">
<doc>Clicks on a component.</doc>
<arguments>
<arg>${component}</arg>
</arguments>
<status endtime="20170130 22:42:23.694" starttime="20170130 22:42:23.672" status="PASS"></status>
</kw>
<status endtime="20170130 22:42:23.694" starttime="20170130 22:42:23.656" status="PASS"></status>
</kw>
<kw name="Check Location">
<arguments>
<arg>2</arg>
<arg>0</arg>
<arg>X</arg>
</arguments>
<kw library="BuiltIn" name="Catenate">
<doc>Catenates the given items together and returns the resulted string.</doc>
<arguments>
<arg>SEPARATOR=</arg>
<arg>Location</arg>
<arg>${row}</arg>
<arg>${col}</arg>
</arguments>
<assign>
<var>${component}</var>
</assign>
<msg level="INFO" timestamp="20170130 22:42:23.694">${component} = Location20</msg>
<status endtime="20170130 22:42:23.694" starttime="20170130 22:42:23.694" status="PASS"></status>
</kw>
<kw library="SwingLibrary" name="Get Button Text">
<doc>Uses current context to search for a button and when found, returns the text it is labeled with.</doc>
<arguments>
<arg>${component}</arg>
</arguments>
<assign>
<var>${text}</var>
</assign>
<msg level="INFO" timestamp="20170130 22:42:23.709">${text} = X</msg>
<status endtime="20170130 22:42:23.709" starttime="20170130 22:42:23.694" status="PASS"></status>
</kw>
<kw library="BuiltIn" name="Should Be Equal">
<doc>Fails if the given objects are unequal.</doc>
<arguments>
<arg>${text}</arg>
<arg>${mark}</arg>
</arguments>
<status endtime="20170130 22:42:23.709" starttime="20170130 22:42:23.709" status="PASS"></status>
</kw>
<status endtime="20170130 22:42:23.709" starttime="20170130 22:42:23.694" status="PASS"></status>
</kw>
<kw name="Mark Location">
<arguments>
<arg>0</arg>
<arg>2</arg>
</arguments>
<kw library="BuiltIn" name="Catenate">
<doc>Catenates the given items together and returns the resulted string.</doc>
<arguments>
<arg>SEPARATOR=</arg>
<arg>Location</arg>
<arg>${row}</arg>
<arg>${col}</arg>
</arguments>
<assign>
<var>${component}</var>
</assign>
<msg level="INFO" timestamp="20170130 22:42:23.725">${component} = Location02</msg>
<status endtime="20170130 22:42:23.725" starttime="20170130 22:42:23.725" status="PASS"></status>
</kw>
<kw library="SwingLibrary" name="Click On Component">
<doc>Clicks on a component.</doc>
<arguments>
<arg>${component}</arg>
</arguments>
<status endtime="20170130 22:42:23.741" starttime="20170130 22:42:23.725" status="PASS"></status>
</kw>
<status endtime="20170130 22:42:23.741" starttime="20170130 22:42:23.709" status="PASS"></status>
</kw>
<kw name="Check Location">
<arguments>
<arg>0</arg>
<arg>2</arg>
<arg>O</arg>
</arguments>
<kw library="BuiltIn" name="Catenate">
<doc>Catenates the given items together and returns the resulted string.</doc>
<arguments>
<arg>SEPARATOR=</arg>
<arg>Location</arg>
<arg>${row}</arg>
<arg>${col}</arg>
</arguments>
<assign>
<var>${component}</var>
</assign>
<msg level="INFO" timestamp="20170130 22:42:23.756">${component} = Location02</msg>
<status endtime="20170130 22:42:23.756" starttime="20170130 22:42:23.741" status="PASS"></status>
</kw>
<kw library="SwingLibrary" name="Get Button Text">
<doc>Uses current context to search for a button and when found, returns the text it is labeled with.</doc>
<arguments>
<arg>${component}</arg>
</arguments>
<assign>
<var>${text}</var>
</assign>
<msg level="INFO" timestamp="20170130 22:42:23.756">${text} = O</msg>
<status endtime="20170130 22:42:23.756" starttime="20170130 22:42:23.756" status="PASS"></status>
</kw>
<kw library="BuiltIn" name="Should Be Equal">
<doc>Fails if the given objects are unequal.</doc>
<arguments>
<arg>${text}</arg>
<arg>${mark}</arg>
</arguments>
<status endtime="20170130 22:42:23.756" starttime="20170130 22:42:23.756" status="PASS"></status>
</kw>
<status endtime="20170130 22:42:23.772" starttime="20170130 22:42:23.741" status="PASS"></status>
</kw>
<kw name="Mark Location">
<arguments>
<arg>0</arg>
<arg>1</arg>
</arguments>
<kw library="BuiltIn" name="Catenate">
<doc>Catenates the given items together and returns the resulted string.</doc>
<arguments>
<arg>SEPARATOR=</arg>
<arg>Location</arg>
<arg>${row}</arg>
<arg>${col}</arg>
</arguments>
<assign>
<var>${component}</var>
</assign>
<msg level="INFO" timestamp="20170130 22:42:23.772">${component} = Location01</msg>
<status endtime="20170130 22:42:23.772" starttime="20170130 22:42:23.772" status="PASS"></status>
</kw>
<kw library="SwingLibrary" name="Click On Component">
<doc>Clicks on a component.</doc>
<arguments>
<arg>${component}</arg>
</arguments>
<status endtime="20170130 22:42:23.794" starttime="20170130 22:42:23.772" status="PASS"></status>
</kw>
<status endtime="20170130 22:42:23.794" starttime="20170130 22:42:23.772" status="PASS"></status>
</kw>
<kw name="Check Location">
<arguments>
<arg>0</arg>
<arg>1</arg>
<arg>X</arg>
</arguments>
<kw library="BuiltIn" name="Catenate">
<doc>Catenates the given items together and returns the resulted string.</doc>
<arguments>
<arg>SEPARATOR=</arg>
<arg>Location</arg>
<arg>${row}</arg>
<arg>${col}</arg>
</arguments>
<assign>
<var>${component}</var>
</assign>
<msg level="INFO" timestamp="20170130 22:42:23.810">${component} = Location01</msg>
<status endtime="20170130 22:42:23.810" starttime="20170130 22:42:23.794" status="PASS"></status>
</kw>
<kw library="SwingLibrary" name="Get Button Text">
<doc>Uses current context to search for a button and when found, returns the text it is labeled with.</doc>
<arguments>
<arg>${component}</arg>
</arguments>
<assign>
<var>${text}</var>
</assign>
<msg level="INFO" timestamp="20170130 22:42:23.810">${text} = X</msg>
<status endtime="20170130 22:42:23.810" starttime="20170130 22:42:23.810" status="PASS"></status>
</kw>
<kw library="BuiltIn" name="Should Be Equal">
<doc>Fails if the given objects are unequal.</doc>
<arguments>
<arg>${text}</arg>
<arg>${mark}</arg>
</arguments>
<status endtime="20170130 22:42:23.825" starttime="20170130 22:42:23.810" status="PASS"></status>
</kw>
<status endtime="20170130 22:42:23.825" starttime="20170130 22:42:23.794" status="PASS"></status>
</kw>
<kw name="Mark Location">
<arguments>
<arg>2</arg>
<arg>1</arg>
</arguments>
<kw library="BuiltIn" name="Catenate">
<doc>Catenates the given items together and returns the resulted string.</doc>
<arguments>
<arg>SEPARATOR=</arg>
<arg>Location</arg>
<arg>${row}</arg>
<arg>${col}</arg>
</arguments>
<assign>
<var>${component}</var>
</assign>
<msg level="INFO" timestamp="20170130 22:42:23.825">${component} = Location21</msg>
<status endtime="20170130 22:42:23.825" starttime="20170130 22:42:23.825" status="PASS"></status>
</kw>
<kw library="SwingLibrary" name="Click On Component">
<doc>Clicks on a component.</doc>
<arguments>
<arg>${component}</arg>
</arguments>
<status endtime="20170130 22:42:23.841" starttime="20170130 22:42:23.825" status="PASS"></status>
</kw>
<status endtime="20170130 22:42:23.841" starttime="20170130 22:42:23.825" status="PASS"></status>
</kw>
<kw name="Check Location">
<arguments>
<arg>2</arg>
<arg>1</arg>
<arg>O</arg>
</arguments>
<kw library="BuiltIn" name="Catenate">
<doc>Catenates the given items together and returns the resulted string.</doc>
<arguments>
<arg>SEPARATOR=</arg>
<arg>Location</arg>
<arg>${row}</arg>
<arg>${col}</arg>
</arguments>
<assign>
<var>${component}</var>
</assign>
<msg level="INFO" timestamp="20170130 22:42:23.856">${component} = Location21</msg>
<status endtime="20170130 22:42:23.856" starttime="20170130 22:42:23.856" status="PASS"></status>
</kw>
<kw library="SwingLibrary" name="Get Button Text">
<doc>Uses current context to search for a button and when found, returns the text it is labeled with.</doc>
<arguments>
<arg>${component}</arg>
</arguments>
<assign>
<var>${text}</var>
</assign>
<msg level="INFO" timestamp="20170130 22:42:23.872">${text} = O</msg>
<status endtime="20170130 22:42:23.872" starttime="20170130 22:42:23.856" status="PASS"></status>
</kw>
<kw library="BuiltIn" name="Should Be Equal">
<doc>Fails if the given objects are unequal.</doc>
<arguments>
<arg>${text}</arg>
<arg>${mark}</arg>
</arguments>
<status endtime="20170130 22:42:23.872" starttime="20170130 22:42:23.872" status="PASS"></status>
</kw>
<status endtime="20170130 22:42:23.872" starttime="20170130 22:42:23.856" status="PASS"></status>
</kw>
<kw name="Mark Location">
<arguments>
<arg>1</arg>
<arg>2</arg>
</arguments>
<kw library="BuiltIn" name="Catenate">
<doc>Catenates the given items together and returns the resulted string.</doc>
<arguments>
<arg>SEPARATOR=</arg>
<arg>Location</arg>
<arg>${row}</arg>
<arg>${col}</arg>
</arguments>
<assign>
<var>${component}</var>
</assign>
<msg level="INFO" timestamp="20170130 22:42:23.891">${component} = Location12</msg>
<status endtime="20170130 22:42:23.892" starttime="20170130 22:42:23.872" status="PASS"></status>
</kw>
<kw library="SwingLibrary" name="Click On Component">
<doc>Clicks on a component.</doc>
<arguments>
<arg>${component}</arg>
</arguments>
<status endtime="20170130 22:42:23.910" starttime="20170130 22:42:23.893" status="PASS"></status>
</kw>
<status endtime="20170130 22:42:23.910" starttime="20170130 22:42:23.872" status="PASS"></status>
</kw>
<kw name="Check Location">
<arguments>
<arg>1</arg>
<arg>2</arg>
<arg>X</arg>
</arguments>
<kw library="BuiltIn" name="Catenate">
<doc>Catenates the given items together and returns the resulted string.</doc>
<arguments>
<arg>SEPARATOR=</arg>
<arg>Location</arg>
<arg>${row}</arg>
<arg>${col}</arg>
</arguments>
<assign>
<var>${component}</var>
</assign>
<msg level="INFO" timestamp="20170130 22:42:23.910">${component} = Location12</msg>
<status endtime="20170130 22:42:23.910" starttime="20170130 22:42:23.910" status="PASS"></status>
</kw>
<kw library="SwingLibrary" name="Get Button Text">
<doc>Uses current context to search for a button and when found, returns the text it is labeled with.</doc>
<arguments>
<arg>${component}</arg>
</arguments>
<assign>
<var>${text}</var>
</assign>
<msg level="INFO" timestamp="20170130 22:42:23.926">${text} = X</msg>
<status endtime="20170130 22:42:23.926" starttime="20170130 22:42:23.910" status="PASS"></status>
</kw>
<kw library="BuiltIn" name="Should Be Equal">
<doc>Fails if the given objects are unequal.</doc>
<arguments>
<arg>${text}</arg>
<arg>${mark}</arg>
</arguments>
<status endtime="20170130 22:42:23.926" starttime="20170130 22:42:23.926" status="PASS"></status>
</kw>
<status endtime="20170130 22:42:23.926" starttime="20170130 22:42:23.910" status="PASS"></status>
</kw>
<kw name="Mark Location">
<arguments>
<arg>1</arg>
<arg>0</arg>
</arguments>
<kw library="BuiltIn" name="Catenate">
<doc>Catenates the given items together and returns the resulted string.</doc>
<arguments>
<arg>SEPARATOR=</arg>
<arg>Location</arg>
<arg>${row}</arg>
<arg>${col}</arg>
</arguments>
<assign>
<var>${component}</var>
</assign>
<msg level="INFO" timestamp="20170130 22:42:23.926">${component} = Location10</msg>
<status endtime="20170130 22:42:23.926" starttime="20170130 22:42:23.926" status="PASS"></status>
</kw>
<kw library="SwingLibrary" name="Click On Component">
<doc>Clicks on a component.</doc>
<arguments>
<arg>${component}</arg>
</arguments>
<status endtime="20170130 22:42:23.957" starttime="20170130 22:42:23.926" status="PASS"></status>
</kw>
<status endtime="20170130 22:42:23.957" starttime="20170130 22:42:23.926" status="PASS"></status>
</kw>
<kw name="Check Location">
<arguments>
<arg>1</arg>
<arg>0</arg>
<arg>O</arg>
</arguments>
<kw library="BuiltIn" name="Catenate">
<doc>Catenates the given items together and returns the resulted string.</doc>
<arguments>
<arg>SEPARATOR=</arg>
<arg>Location</arg>
<arg>${row}</arg>
<arg>${col}</arg>
</arguments>
<assign>
<var>${component}</var>
</assign>
<msg level="INFO" timestamp="20170130 22:42:23.957">${component} = Location10</msg>
<status endtime="20170130 22:42:23.957" starttime="20170130 22:42:23.957" status="PASS"></status>
</kw>
<kw library="SwingLibrary" name="Get Button Text">
<doc>Uses current context to search for a button and when found, returns the text it is labeled with.</doc>
<arguments>
<arg>${component}</arg>
</arguments>
<assign>
<var>${text}</var>
</assign>
<msg level="INFO" timestamp="20170130 22:42:23.957">${text} = O</msg>
<status endtime="20170130 22:42:23.957" starttime="20170130 22:42:23.957" status="PASS"></status>
</kw>
<kw library="BuiltIn" name="Should Be Equal">
<doc>Fails if the given objects are unequal.</doc>
<arguments>
<arg>${text}</arg>
<arg>${mark}</arg>
</arguments>
<status endtime="20170130 22:42:23.972" starttime="20170130 22:42:23.957" status="PASS"></status>
</kw>
<status endtime="20170130 22:42:23.972" starttime="20170130 22:42:23.957" status="PASS"></status>
</kw>
<kw name="Mark Location">
<arguments>
<arg>2</arg>
<arg>2</arg>
</arguments>
<kw library="BuiltIn" name="Catenate">
<doc>Catenates the given items together and returns the resulted string.</doc>
<arguments>
<arg>SEPARATOR=</arg>
<arg>Location</arg>
<arg>${row}</arg>
<arg>${col}</arg>
</arguments>
<assign>
<var>${component}</var>
</assign>
<msg level="INFO" timestamp="20170130 22:42:24.010">${component} = Location22</msg>
<status endtime="20170130 22:42:24.010" starttime="20170130 22:42:23.995" status="PASS"></status>
</kw>
<kw library="SwingLibrary" name="Click On Component">
<doc>Clicks on a component.</doc>
<arguments>
<arg>${component}</arg>
</arguments>
<status endtime="20170130 22:42:24.041" starttime="20170130 22:42:24.010" status="PASS"></status>
</kw>
<status endtime="20170130 22:42:24.041" starttime="20170130 22:42:23.972" status="PASS"></status>
</kw>
<kw name="Check Location">
<arguments>
<arg>2</arg>
<arg>2</arg>
<arg>X</arg>
</arguments>
<kw library="BuiltIn" name="Catenate">
<doc>Catenates the given items together and returns the resulted string.</doc>
<arguments>
<arg>SEPARATOR=</arg>
<arg>Location</arg>
<arg>${row}</arg>
<arg>${col}</arg>
</arguments>
<assign>
<var>${component}</var>
</assign>
<msg level="INFO" timestamp="20170130 22:42:24.057">${component} = Location22</msg>
<status endtime="20170130 22:42:24.057" starttime="20170130 22:42:24.057" status="PASS"></status>
</kw>
<kw library="SwingLibrary" name="Get Button Text">
<doc>Uses current context to search for a button and when found, returns the text it is labeled with.</doc>
<arguments>
<arg>${component}</arg>
</arguments>
<assign>
<var>${text}</var>
</assign>
<msg level="INFO" timestamp="20170130 22:42:24.073">${text} = X</msg>
<status endtime="20170130 22:42:24.073" starttime="20170130 22:42:24.057" status="PASS"></status>
</kw>
<kw library="BuiltIn" name="Should Be Equal">
<doc>Fails if the given objects are unequal.</doc>
<arguments>
<arg>${text}</arg>
<arg>${mark}</arg>
</arguments>
<status endtime="20170130 22:42:24.091" starttime="20170130 22:42:24.073" status="PASS"></status>
</kw>
<status endtime="20170130 22:42:24.093" starttime="20170130 22:42:24.057" status="PASS"></status>
</kw>
<kw name="Winner Should Be">
<arguments>
<arg>TIE</arg>
</arguments>
<kw library="SwingLibrary" name="Select Dialog">
<doc>Selects a dialog as current context and sets focus to it.</doc>
<arguments>
<arg>Game Over</arg>
</arguments>
<status endtime="20170130 22:42:24.095" starttime="20170130 22:42:24.095" status="PASS"></status>
</kw>
<kw library="BuiltIn" name="Catenate">
<doc>Catenates the given items together and returns the resulted string.</doc>
<arguments>
<arg>The winner is</arg>
<arg>${winner}</arg>
</arguments>
<assign>
<var>${message}</var>
</assign>
<msg level="INFO" timestamp="20170130 22:42:24.095">${message} = The winner is TIE</msg>
<status endtime="20170130 22:42:24.095" starttime="20170130 22:42:24.095" status="PASS"></status>
</kw>
<kw library="SwingLibrary" name="Label Text Should Be">
<doc>Checks the equality of given text and the text displayed on a label.</doc>
<arguments>
<arg>OptionPane.label</arg>
<arg>${message}</arg>
</arguments>
<status endtime="20170130 22:42:24.110" starttime="20170130 22:42:24.095" status="PASS"></status>
</kw>
<kw library="SwingLibrary" name="Close Dialog">
<doc>Closes a dialog.</doc>
<arguments>
<arg>Game Over</arg>
</arguments>
<status endtime="20170130 22:42:24.126" starttime="20170130 22:42:24.110" status="PASS"></status>
</kw>
<kw library="SwingLibrary" name="Close Window">
<doc>Closes a window.</doc>
<arguments>
<arg>Tic Tac Toe</arg>
</arguments>
<status endtime="20170130 22:42:24.310" starttime="20170130 22:42:24.142" status="PASS"></status>
</kw>
<status endtime="20170130 22:42:24.310" starttime="20170130 22:42:24.094" status="PASS"></status>
</kw>
<status critical="yes" endtime="20170130 22:42:24.326" starttime="20170130 22:42:23.456" status="PASS"></status>
</test>
<status endtime="20170130 22:42:24.341" starttime="20170130 22:42:21.183" status="PASS"></status>
</suite>
<suite source="C:\Users\Steven\Desktop\TicTacToeGUI\TicTacToeGUI\tic-tac-toe\src\test\acceptancetest\TicTacToeTests.txt" name="TicTacToeTests" id="s1-s2">
<test name="Win Diagonally as X" id="s1-s2-t1">
<kw library="TicTacToeKeywords" name="Start New Game">
<status endtime="20170130 22:42:24.426" starttime="20170130 22:42:24.410" status="PASS"></status>
</kw>
<kw library="TicTacToeKeywords" name="Mark Location">
<arguments>
<arg>1</arg>
<arg>1</arg>
</arguments>
<status endtime="20170130 22:42:24.426" starttime="20170130 22:42:24.426" status="PASS"></status>
</kw>
<kw name="Check Location">
<arguments>
<arg>1</arg>
<arg>1</arg>
<arg>X</arg>
</arguments>
<kw library="TicTacToeKeywords" name="Get Mark">
<arguments>
<arg>${row}</arg>
<arg>${col}</arg>
</arguments>
<assign>
<var>${m}</var>
</assign>
<msg level="INFO" timestamp="20170130 22:42:24.442">${m} = X</msg>
<status endtime="20170130 22:42:24.442" starttime="20170130 22:42:24.442" status="PASS"></status>
</kw>
<kw library="BuiltIn" name="Should Be Equal">
<doc>Fails if the given objects are unequal.</doc>
<arguments>
<arg>${m}</arg>
<arg>${mark}</arg>
</arguments>
<status endtime="20170130 22:42:24.442" starttime="20170130 22:42:24.442" status="PASS"></status>
</kw>
<status endtime="20170130 22:42:24.442" starttime="20170130 22:42:24.426" status="PASS"></status>
</kw>
<kw library="TicTacToeKeywords" name="Mark Location">
<arguments>
<arg>0</arg>
<arg>1</arg>
</arguments>
<status endtime="20170130 22:42:24.457" starttime="20170130 22:42:24.442" status="PASS"></status>
</kw>
<kw name="Check Location">
<arguments>
<arg>0</arg>
<arg>1</arg>
<arg>O</arg>
</arguments>
<kw library="TicTacToeKeywords" name="Get Mark">
<arguments>
<arg>${row}</arg>
<arg>${col}</arg>
</arguments>
<assign>
<var>${m}</var>
</assign>
<msg level="INFO" timestamp="20170130 22:42:24.473">${m} = O</msg>
<status endtime="20170130 22:42:24.473" starttime="20170130 22:42:24.457" status="PASS"></status>
</kw>
<kw library="BuiltIn" name="Should Be Equal">
<doc>Fails if the given objects are unequal.</doc>
<arguments>
<arg>${m}</arg>
<arg>${mark}</arg>
</arguments>
<status endtime="20170130 22:42:24.473" starttime="20170130 22:42:24.473" status="PASS"></status>
</kw>
<status endtime="20170130 22:42:24.473" starttime="20170130 22:42:24.457" status="PASS"></status>
</kw>
<kw library="TicTacToeKeywords" name="Mark Location">
<arguments>
<arg>0</arg>
<arg>0</arg>
</arguments>
<status endtime="20170130 22:42:24.473" starttime="20170130 22:42:24.473" status="PASS"></status>
</kw>
<kw name="Check Location">
<arguments>
<arg>0</arg>
<arg>0</arg>
<arg>X</arg>
</arguments>
<kw library="TicTacToeKeywords" name="Get Mark">
<arguments>
<arg>${row}</arg>
<arg>${col}</arg>
</arguments>
<assign>
<var>${m}</var>
</assign>
<msg level="INFO" timestamp="20170130 22:42:24.495">${m} = X</msg>
<status endtime="20170130 22:42:24.495" starttime="20170130 22:42:24.492" status="PASS"></status>
</kw>
<kw library="BuiltIn" name="Should Be Equal">
<doc>Fails if the given objects are unequal.</doc>
<arguments>
<arg>${m}</arg>
<arg>${mark}</arg>
</arguments>
<status endtime="20170130 22:42:24.495" starttime="20170130 22:42:24.495" status="PASS"></status>
</kw>
<status endtime="20170130 22:42:24.495" starttime="20170130 22:42:24.489" status="PASS"></status>
</kw>
<kw library="TicTacToeKeywords" name="Mark Location">
<arguments>
<arg>0</arg>
<arg>2</arg>
</arguments>
<status endtime="20170130 22:42:24.495" starttime="20170130 22:42:24.495" status="PASS"></status>
</kw>
<kw name="Check Location">
<arguments>
<arg>0</arg>
<arg>2</arg>
<arg>O</arg>
</arguments>
<kw library="TicTacToeKeywords" name="Get Mark">
<arguments>
<arg>${row}</arg>
<arg>${col}</arg>
</arguments>
<assign>
<var>${m}</var>
</assign>
<msg level="INFO" timestamp="20170130 22:42:24.511">${m} = O</msg>
<status endtime="20170130 22:42:24.511" starttime="20170130 22:42:24.511" status="PASS"></status>
</kw>
<kw library="BuiltIn" name="Should Be Equal">
<doc>Fails if the given objects are unequal.</doc>
<arguments>
<arg>${m}</arg>
<arg>${mark}</arg>
</arguments>
<status endtime="20170130 22:42:24.511" starttime="20170130 22:42:24.511" status="PASS"></status>
</kw>
<status endtime="20170130 22:42:24.511" starttime="20170130 22:42:24.495" status="PASS"></status>
</kw>
<kw library="TicTacToeKeywords" name="Mark Location">
<arguments>
<arg>2</arg>
<arg>2</arg>
</arguments>
<status endtime="20170130 22:42:24.526" starttime="20170130 22:42:24.511" status="PASS"></status>
</kw>
<kw name="Check Location">
<arguments>
<arg>2</arg>
<arg>2</arg>
<arg>X</arg>
</arguments>
<kw library="TicTacToeKeywords" name="Get Mark">
<arguments>
<arg>${row}</arg>
<arg>${col}</arg>
</arguments>
<assign>
<var>${m}</var>
</assign>
<msg level="INFO" timestamp="20170130 22:42:24.526">${m} = X</msg>
<status endtime="20170130 22:42:24.526" starttime="20170130 22:42:24.526" status="PASS"></status>
</kw>
<kw library="BuiltIn" name="Should Be Equal">
<doc>Fails if the given objects are unequal.</doc>
<arguments>
<arg>${m}</arg>
<arg>${mark}</arg>
</arguments>
<status endtime="20170130 22:42:24.526" starttime="20170130 22:42:24.526" status="PASS"></status>
</kw>
<status endtime="20170130 22:42:24.526" starttime="20170130 22:42:24.526" status="PASS"></status>
</kw>
<kw name="Winner Should Be">
<arguments>
<arg>X</arg>
</arguments>
<kw library="TicTacToeKeywords" name="Get Winner">
<assign>
<var>${m}</var>
</assign>
<msg level="INFO" timestamp="20170130 22:42:24.542">${m} = X</msg>
<status endtime="20170130 22:42:24.542" starttime="20170130 22:42:24.542" status="PASS"></status>
</kw>
<kw library="BuiltIn" name="Should Be Equal">
<doc>Fails if the given objects are unequal.</doc>
<arguments>
<arg>${m}</arg>
<arg>${mark}</arg>
</arguments>
<status endtime="20170130 22:42:24.542" starttime="20170130 22:42:24.542" status="PASS"></status>
</kw>
<status endtime="20170130 22:42:24.542" starttime="20170130 22:42:24.542" status="PASS"></status>
</kw>
<status critical="yes" endtime="20170130 22:42:24.542" starttime="20170130 22:42:24.410" status="PASS"></status>
</test>
<test name="Win Horizontally as O" id="s1-s2-t2">
<kw library="TicTacToeKeywords" name="Start New Game">
<status endtime="20170130 22:42:24.558" starttime="20170130 22:42:24.558" status="PASS"></status>
</kw>
<kw library="TicTacToeKeywords" name="Mark Location">
<arguments>
<arg>1</arg>
<arg>1</arg>
</arguments>
<status endtime="20170130 22:42:24.558" starttime="20170130 22:42:24.558" status="PASS"></status>
</kw>
<kw name="Check Location">
<arguments>
<arg>1</arg>
<arg>1</arg>
<arg>X</arg>
</arguments>
<kw library="TicTacToeKeywords" name="Get Mark">
<arguments>
<arg>${row}</arg>
<arg>${col}</arg>
</arguments>
<assign>
<var>${m}</var>
</assign>
<msg level="INFO" timestamp="20170130 22:42:24.573">${m} = X</msg>
<status endtime="20170130 22:42:24.573" starttime="20170130 22:42:24.558" status="PASS"></status>
</kw>
<kw library="BuiltIn" name="Should Be Equal">
<doc>Fails if the given objects are unequal.</doc>
<arguments>
<arg>${m}</arg>
<arg>${mark}</arg>
</arguments>
<status endtime="20170130 22:42:24.573" starttime="20170130 22:42:24.573" status="PASS"></status>
</kw>
<status endtime="20170130 22:42:24.573" starttime="20170130 22:42:24.558" status="PASS"></status>
</kw>
<kw library="TicTacToeKeywords" name="Mark Location">
<arguments>
<arg>2</arg>
<arg>0</arg>
</arguments>
<status endtime="20170130 22:42:24.573" starttime="20170130 22:42:24.573" status="PASS"></status>
</kw>
<kw name="Check Location">
<arguments>
<arg>2</arg>
<arg>0</arg>
<arg>O</arg>
</arguments>
<kw library="TicTacToeKeywords" name="Get Mark">
<arguments>
<arg>${row}</arg>
<arg>${col}</arg>
</arguments>
<assign>
<var>${m}</var>
</assign>
<msg level="INFO" timestamp="20170130 22:42:24.592">${m} = O</msg>
<status endtime="20170130 22:42:24.593" starttime="20170130 22:42:24.589" status="PASS"></status>
</kw>
<kw library="BuiltIn" name="Should Be Equal">
<doc>Fails if the given objects are unequal.</doc>
<arguments>
<arg>${m}</arg>
<arg>${mark}</arg>
</arguments>
<status endtime="20170130 22:42:24.595" starttime="20170130 22:42:24.594" status="PASS"></status>
</kw>
<status endtime="20170130 22:42:24.595" starttime="20170130 22:42:24.573" status="PASS"></status>
</kw>
<kw library="TicTacToeKeywords" name="Mark Location">
<arguments>
<arg>0</arg>
<arg>0</arg>
</arguments>
<status endtime="20170130 22:42:24.595" starttime="20170130 22:42:24.595" status="PASS"></status>
</kw>
<kw name="Check Location">
<arguments>
<arg>0</arg>
<arg>0</arg>
<arg>X</arg>
</arguments>
<kw library="TicTacToeKeywords" name="Get Mark">
<arguments>
<arg>${row}</arg>
<arg>${col}</arg>
</arguments>
<assign>
<var>${m}</var>
</assign>
<msg level="INFO" timestamp="20170130 22:42:24.595">${m} = X</msg>
<status endtime="20170130 22:42:24.595" starttime="20170130 22:42:24.595" status="PASS"></status>
</kw>
<kw library="BuiltIn" name="Should Be Equal">
<doc>Fails if the given objects are unequal.</doc>
<arguments>
<arg>${m}</arg>
<arg>${mark}</arg>
</arguments>
<status endtime="20170130 22:42:24.595" starttime="20170130 22:42:24.595" status="PASS"></status>
</kw>
<status endtime="20170130 22:42:24.611" starttime="20170130 22:42:24.595" status="PASS"></status>
</kw>
<kw library="TicTacToeKeywords" name="Mark Location">
<arguments>
<arg>2</arg>
<arg>2</arg>
</arguments>
<status endtime="20170130 22:42:24.611" starttime="20170130 22:42:24.611" status="PASS"></status>
</kw>
<kw name="Check Location">
<arguments>
<arg>2</arg>
<arg>2</arg>
<arg>O</arg>
</arguments>
<kw library="TicTacToeKeywords" name="Get Mark">
<arguments>
<arg>${row}</arg>
<arg>${col}</arg>
</arguments>
<assign>
<var>${m}</var>
</assign>
<msg level="INFO" timestamp="20170130 22:42:24.611">${m} = O</msg>
<status endtime="20170130 22:42:24.611" starttime="20170130 22:42:24.611" status="PASS"></status>
</kw>
<kw library="BuiltIn" name="Should Be Equal">
<doc>Fails if the given objects are unequal.</doc>
<arguments>
<arg>${m}</arg>
<arg>${mark}</arg>
</arguments>
<status endtime="20170130 22:42:24.627" starttime="20170130 22:42:24.627" status="PASS"></status>
</kw>
<status endtime="20170130 22:42:24.627" starttime="20170130 22:42:24.611" status="PASS"></status>
</kw>
<kw library="TicTacToeKeywords" name="Mark Location">
<arguments>
<arg>0</arg>
<arg>2</arg>
</arguments>
<status endtime="20170130 22:42:24.627" starttime="20170130 22:42:24.627" status="PASS"></status>
</kw>
<kw name="Check Location">
<arguments>
<arg>0</arg>
<arg>2</arg>
<arg>X</arg>
</arguments>
<kw library="TicTacToeKeywords" name="Get Mark">
<arguments>
<arg>${row}</arg>
<arg>${col}</arg>
</arguments>
<assign>
<var>${m}</var>
</assign>
<msg level="INFO" timestamp="20170130 22:42:24.627">${m} = X</msg>
<status endtime="20170130 22:42:24.642" starttime="20170130 22:42:24.627" status="PASS"></status>
</kw>
<kw library="BuiltIn" name="Should Be Equal">
<doc>Fails if the given objects are unequal.</doc>
<arguments>
<arg>${m}</arg>
<arg>${mark}</arg>
</arguments>
<status endtime="20170130 22:42:24.642" starttime="20170130 22:42:24.642" status="PASS"></status>
</kw>
<status endtime="20170130 22:42:24.642" starttime="20170130 22:42:24.627" status="PASS"></status>
</kw>
<kw library="TicTacToeKeywords" name="Mark Location">
<arguments>
<arg>2</arg>
<arg>1</arg>
</arguments>
<status endtime="20170130 22:42:24.642" starttime="20170130 22:42:24.642" status="PASS"></status>
</kw>
<kw name="Check Location">
<arguments>
<arg>2</arg>
<arg>1</arg>
<arg>O</arg>
</arguments>
<kw library="TicTacToeKeywords" name="Get Mark">
<arguments>
<arg>${row}</arg>
<arg>${col}</arg>
</arguments>
<assign>
<var>${m}</var>
</assign>
<msg level="INFO" timestamp="20170130 22:42:24.642">${m} = O</msg>
<status endtime="20170130 22:42:24.642" starttime="20170130 22:42:24.642" status="PASS"></status>
</kw>
<kw library="BuiltIn" name="Should Be Equal">
<doc>Fails if the given objects are unequal.</doc>
<arguments>
<arg>${m}</arg>
<arg>${mark}</arg>
</arguments>
<status endtime="20170130 22:42:24.642" starttime="20170130 22:42:24.642" status="PASS"></status>
</kw>
<status endtime="20170130 22:42:24.658" starttime="20170130 22:42:24.642" status="PASS"></status>
</kw>
<kw name="Winner Should Be">
<arguments>
<arg>O</arg>
</arguments>
<kw library="TicTacToeKeywords" name="Get Winner">
<assign>
<var>${m}</var>
</assign>
<msg level="INFO" timestamp="20170130 22:42:24.658">${m} = O</msg>
<status endtime="20170130 22:42:24.658" starttime="20170130 22:42:24.658" status="PASS"></status>
</kw>
<kw library="BuiltIn" name="Should Be Equal">
<doc>Fails if the given objects are unequal.</doc>
<arguments>
<arg>${m}</arg>
<arg>${mark}</arg>
</arguments>
<status endtime="20170130 22:42:24.658" starttime="20170130 22:42:24.658" status="PASS"></status>
</kw>
<status endtime="20170130 22:42:24.658" starttime="20170130 22:42:24.658" status="PASS"></status>
</kw>
<status critical="yes" endtime="20170130 22:42:24.658" starttime="20170130 22:42:24.542" status="PASS"></status>
</test>
<test name="Force a Tie" id="s1-s2-t3">
<kw library="TicTacToeKeywords" name="Start New Game">
<status endtime="20170130 22:42:24.673" starttime="20170130 22:42:24.673" status="PASS"></status>
</kw>
<kw library="TicTacToeKeywords" name="Mark Location">
<arguments>
<arg>1</arg>
<arg>1</arg>
</arguments>
<status endtime="20170130 22:42:24.673" starttime="20170130 22:42:24.673" status="PASS"></status>
</kw>
<kw name="Check Location">
<arguments>
<arg>1</arg>
<arg>1</arg>
<arg>X</arg>
</arguments>
<kw library="TicTacToeKeywords" name="Get Mark">
<arguments>
<arg>${row}</arg>
<arg>${col}</arg>
</arguments>
<assign>
<var>${m}</var>
</assign>
<msg level="INFO" timestamp="20170130 22:42:24.693">${m} = X</msg>
<status endtime="20170130 22:42:24.693" starttime="20170130 22:42:24.689" status="PASS"></status>
</kw>
<kw library="BuiltIn" name="Should Be Equal">
<doc>Fails if the given objects are unequal.</doc>
<arguments>
<arg>${m}</arg>
<arg>${mark}</arg>
</arguments>
<status endtime="20170130 22:42:24.696" starttime="20170130 22:42:24.694" status="PASS"></status>
</kw>
<status endtime="20170130 22:42:24.696" starttime="20170130 22:42:24.673" status="PASS"></status>
</kw>
<kw library="TicTacToeKeywords" name="Mark Location">
<arguments>
<arg>0</arg>
<arg>0</arg>
</arguments>
<status endtime="20170130 22:42:24.696" starttime="20170130 22:42:24.696" status="PASS"></status>
</kw>
<kw name="Check Location">
<arguments>
<arg>0</arg>
<arg>0</arg>
<arg>O</arg>
</arguments>
<kw library="TicTacToeKeywords" name="Get Mark">
<arguments>
<arg>${row}</arg>
<arg>${col}</arg>
</arguments>
<assign>
<var>${m}</var>
</assign>
<msg level="INFO" timestamp="20170130 22:42:24.711">${m} = O</msg>
<status endtime="20170130 22:42:24.711" starttime="20170130 22:42:24.696" status="PASS"></status>
</kw>
<kw library="BuiltIn" name="Should Be Equal">
<doc>Fails if the given objects are unequal.</doc>
<arguments>
<arg>${m}</arg>
<arg>${mark}</arg>
</arguments>
<status endtime="20170130 22:42:24.711" starttime="20170130 22:42:24.711" status="PASS"></status>
</kw>
<status endtime="20170130 22:42:24.711" starttime="20170130 22:42:24.696" status="PASS"></status>
</kw>
<kw library="TicTacToeKeywords" name="Mark Location">
<arguments>
<arg>2</arg>
<arg>0</arg>
</arguments>
<status endtime="20170130 22:42:24.711" starttime="20170130 22:42:24.711" status="PASS"></status>
</kw>
<kw name="Check Location">
<arguments>
<arg>2</arg>
<arg>0</arg>
<arg>X</arg>
</arguments>
<kw library="TicTacToeKeywords" name="Get Mark">
<arguments>
<arg>${row}</arg>
<arg>${col}</arg>
</arguments>
<assign>
<var>${m}</var>
</assign>
<msg level="INFO" timestamp="20170130 22:42:24.711">${m} = X</msg>
<status endtime="20170130 22:42:24.711" starttime="20170130 22:42:24.711" status="PASS"></status>
</kw>
<kw library="BuiltIn" name="Should Be Equal">
<doc>Fails if the given objects are unequal.</doc>
<arguments>
<arg>${m}</arg>
<arg>${mark}</arg>
</arguments>
<status endtime="20170130 22:42:24.727" starttime="20170130 22:42:24.727" status="PASS"></status>
</kw>
<status endtime="20170130 22:42:24.727" starttime="20170130 22:42:24.711" status="PASS"></status>
</kw>
<kw library="TicTacToeKeywords" name="Mark Location">
<arguments>
<arg>0</arg>
<arg>2</arg>
</arguments>
<status endtime="20170130 22:42:24.727" starttime="20170130 22:42:24.727" status="PASS"></status>
</kw>
<kw name="Check Location">
<arguments>
<arg>0</arg>
<arg>2</arg>
<arg>O</arg>
</arguments>
<kw library="TicTacToeKeywords" name="Get Mark">
<arguments>
<arg>${row}</arg>
<arg>${col}</arg>
</arguments>
<assign>
<var>${m}</var>
</assign>
<msg level="INFO" timestamp="20170130 22:42:24.727">${m} = O</msg>
<status endtime="20170130 22:42:24.727" starttime="20170130 22:42:24.727" status="PASS"></status>
</kw>
<kw library="BuiltIn" name="Should Be Equal">
<doc>Fails if the given objects are unequal.</doc>
<arguments>
<arg>${m}</arg>
<arg>${mark}</arg>
</arguments>
<status endtime="20170130 22:42:24.743" starttime="20170130 22:42:24.727" status="PASS"></status>
</kw>
<status endtime="20170130 22:42:24.743" starttime="20170130 22:42:24.727" status="PASS"></status>
</kw>
<kw library="TicTacToeKeywords" name="Mark Location">
<arguments>
<arg>0</arg>
<arg>1</arg>
</arguments>
<status endtime="20170130 22:42:24.743" starttime="20170130 22:42:24.743" status="PASS"></status>
</kw>
<kw name="Check Location">
<arguments>
<arg>0</arg>
<arg>1</arg>
<arg>X</arg>
</arguments>
<kw library="TicTacToeKeywords" name="Get Mark">
<arguments>
<arg>${row}</arg>
<arg>${col}</arg>
</arguments>
<assign>
<var>${m}</var>
</assign>
<msg level="INFO" timestamp="20170130 22:42:24.743">${m} = X</msg>
<status endtime="20170130 22:42:24.758" starttime="20170130 22:42:24.743" status="PASS"></status>
</kw>
<kw library="BuiltIn" name="Should Be Equal">
<doc>Fails if the given objects are unequal.</doc>
<arguments>
<arg>${m}</arg>
<arg>${mark}</arg>
</arguments>
<status endtime="20170130 22:42:24.758" starttime="20170130 22:42:24.758" status="PASS"></status>
</kw>
<status endtime="20170130 22:42:24.758" starttime="20170130 22:42:24.743" status="PASS"></status>
</kw>
<kw library="TicTacToeKeywords" name="Mark Location">
<arguments>
<arg>2</arg>
<arg>1</arg>
</arguments>
<status endtime="20170130 22:42:24.758" starttime="20170130 22:42:24.758" status="PASS"></status>
</kw>
<kw name="Check Location">
<arguments>
<arg>2</arg>
<arg>1</arg>
<arg>O</arg>
</arguments>
<kw library="TicTacToeKeywords" name="Get Mark">
<arguments>
<arg>${row}</arg>
<arg>${col}</arg>
</arguments>
<assign>
<var>${m}</var>
</assign>
<msg level="INFO" timestamp="20170130 22:42:24.774">${m} = O</msg>
<status endtime="20170130 22:42:24.774" starttime="20170130 22:42:24.758" status="PASS"></status>
</kw>
<kw library="BuiltIn" name="Should Be Equal">
<doc>Fails if the given objects are unequal.</doc>
<arguments>
<arg>${m}</arg>
<arg>${mark}</arg>
</arguments>
<status endtime="20170130 22:42:24.774" starttime="20170130 22:42:24.774" status="PASS"></status>
</kw>
<status endtime="20170130 22:42:24.774" starttime="20170130 22:42:24.758" status="PASS"></status>
</kw>
<kw library="TicTacToeKeywords" name="Mark Location">
<arguments>
<arg>1</arg>
<arg>2</arg>
</arguments>
<status endtime="20170130 22:42:24.774" starttime="20170130 22:42:24.774" status="PASS"></status>
</kw>
<kw name="Check Location">
<arguments>
<arg>1</arg>
<arg>2</arg>
<arg>X</arg>
</arguments>
<kw library="TicTacToeKeywords" name="Get Mark">
<arguments>
<arg>${row}</arg>
<arg>${col}</arg>
</arguments>
<assign>
<var>${m}</var>
</assign>
<msg level="INFO" timestamp="20170130 22:42:24.791">${m} = X</msg>
<status endtime="20170130 22:42:24.792" starttime="20170130 22:42:24.774" status="PASS"></status>
</kw>
<kw library="BuiltIn" name="Should Be Equal">
<doc>Fails if the given objects are unequal.</doc>
<arguments>
<arg>${m}</arg>
<arg>${mark}</arg>
</arguments>
<status endtime="20170130 22:42:24.795" starttime="20170130 22:42:24.793" status="PASS"></status>
</kw>
<status endtime="20170130 22:42:24.796" starttime="20170130 22:42:24.774" status="PASS"></status>
</kw>
<kw library="TicTacToeKeywords" name="Mark Location">
<arguments>
<arg>1</arg>
<arg>0</arg>
</arguments>
<status endtime="20170130 22:42:24.796" starttime="20170130 22:42:24.796" status="PASS"></status>
</kw>
<kw name="Check Location">
<arguments>
<arg>1</arg>
<arg>0</arg>
<arg>O</arg>
</arguments>
<kw library="TicTacToeKeywords" name="Get Mark">
<arguments>
<arg>${row}</arg>
<arg>${col}</arg>
</arguments>
<assign>
<var>${m}</var>
</assign>
<msg level="INFO" timestamp="20170130 22:42:24.796">${m} = O</msg>
<status endtime="20170130 22:42:24.796" starttime="20170130 22:42:24.796" status="PASS"></status>
</kw>
<kw library="BuiltIn" name="Should Be Equal">
<doc>Fails if the given objects are unequal.</doc>
<arguments>
<arg>${m}</arg>
<arg>${mark}</arg>
</arguments>
<status endtime="20170130 22:42:24.812" starttime="20170130 22:42:24.796" status="PASS"></status>
</kw>
<status endtime="20170130 22:42:24.812" starttime="20170130 22:42:24.796" status="PASS"></status>
</kw>
<kw library="TicTacToeKeywords" name="Mark Location">
<arguments>
<arg>2</arg>
<arg>2</arg>
</arguments>
<status endtime="20170130 22:42:24.812" starttime="20170130 22:42:24.812" status="PASS"></status>
</kw>
<kw name="Check Location">
<arguments>
<arg>2</arg>
<arg>2</arg>
<arg>X</arg>
</arguments>
<kw library="TicTacToeKeywords" name="Get Mark">
<arguments>
<arg>${row}</arg>
<arg>${col}</arg>
</arguments>
<assign>
<var>${m}</var>
</assign>
<msg level="INFO" timestamp="20170130 22:42:24.812">${m} = X</msg>
<status endtime="20170130 22:42:24.812" starttime="20170130 22:42:24.812" status="PASS"></status>
</kw>
<kw library="BuiltIn" name="Should Be Equal">
<doc>Fails if the given objects are unequal.</doc>
<arguments>
<arg>${m}</arg>
<arg>${mark}</arg>
</arguments>
<status endtime="20170130 22:42:24.812" starttime="20170130 22:42:24.812" status="PASS"></status>
</kw>
<status endtime="20170130 22:42:24.812" starttime="20170130 22:42:24.812" status="PASS"></status>
</kw>
<kw name="Winner Should Be">
<arguments>
<arg>TIE</arg>
</arguments>
<kw library="TicTacToeKeywords" name="Get Winner">
<assign>
<var>${m}</var>
</assign>
<msg level="INFO" timestamp="20170130 22:42:24.827">${m} = TIE</msg>
<status endtime="20170130 22:42:24.827" starttime="20170130 22:42:24.827" status="PASS"></status>
</kw>
<kw library="BuiltIn" name="Should Be Equal">
<doc>Fails if the given objects are unequal.</doc>
<arguments>
<arg>${m}</arg>
<arg>${mark}</arg>
</arguments>
<status endtime="20170130 22:42:24.827" starttime="20170130 22:42:24.827" status="PASS"></status>
</kw>
<status endtime="20170130 22:42:24.827" starttime="20170130 22:42:24.827" status="PASS"></status>
</kw>
<status critical="yes" endtime="20170130 22:42:24.827" starttime="20170130 22:42:24.673" status="PASS"></status>
</test>
<status endtime="20170130 22:42:24.827" starttime="20170130 22:42:24.373" status="PASS"></status>
</suite>
<status endtime="20170130 22:42:24.843" starttime="20170130 22:42:20.883" status="PASS"></status>
</suite>
<statistics>
<total>
<stat pass="6" fail="0">Critical Tests</stat>
<stat pass="6" fail="0">All Tests</stat>
</total>
<tag>
</tag>
<suite>
<stat pass="6" fail="0" name="Acceptancetest" id="s1">Acceptancetest</stat>
<stat pass="3" fail="0" name="TicTacToeGUITests" id="s1-s1">Acceptancetest.TicTacToeGUITests</stat>
<stat pass="3" fail="0" name="TicTacToeTests" id="s1-s2">Acceptancetest.TicTacToeTests</stat>
</suite>
</statistics>
<errors>
</errors>
</robot>
